<?xml version="1.0" encoding="UTF-8"?>
<testsuite name="HeapSortTest" tests="12" skipped="0" failures="0" errors="0" timestamp="2025-01-27T19:32:17" hostname="tanmays-air.3520.dhcp.asu.edu" time="0.015">
  <properties/>
  <testcase name="testHeapSortWithNegativeValues()" classname="HeapSortTest" time="0.007"/>
  <testcase name="testHeapSortWithLargeArray()" classname="HeapSortTest" time="0.001"/>
  <testcase name="testHeapSortEdgeCaseWithZeroSizedArray()" classname="HeapSortTest" time="0.001"/>
  <testcase name="testHeapSortWithReverseSortedArray()" classname="HeapSortTest" time="0.0"/>
  <testcase name="testHeapSortWithMaxIntValues()" classname="HeapSortTest" time="0.0"/>
  <testcase name="testHeapSortWithEmptyArray()" classname="HeapSortTest" time="0.001"/>
  <testcase name="testHeapSortWithAlreadySortedArray()" classname="HeapSortTest" time="0.0"/>
  <testcase name="testHeapSortWithSingleElementArray()" classname="HeapSortTest" time="0.001"/>
  <testcase name="testHeapSortWithDuplicateValues()" classname="HeapSortTest" time="0.0"/>
  <testcase name="testHeapSortWithNullArray()" classname="HeapSortTest" time="0.001"/>
  <testcase name="testHeapSortWithUnsortedArray()" classname="HeapSortTest" time="0.001"/>
  <testcase name="testHeapSortAlgorithmIntegrity()" classname="HeapSortTest" time="0.0"/>
  <system-out><![CDATA[]]></system-out>
  <system-err><![CDATA[]]></system-err>
</testsuite>
